<?xml version="1.0" encoding="UTF-8"?>
<testsuite xmlns:xsi="http://www.w3.org/2001/XMLSchema-instance" xsi:noNamespaceSchemaLocation="https://maven.apache.org/surefire/maven-surefire-plugin/xsd/surefire-test-report-3.0.xsd" version="3.0" name="com.example.shopkeeperapp.ShopkeeperappApplicationTests" time="2.555" tests="1" errors="0" skipped="0" failures="0">
  <properties>
[...]
</properties>
  <testcase name="contextLoads" classname="com.example.shopkeeperapp.ShopkeeperappApplicationTests" time="0.791">
    <system-out><![CDATA[22:58:30.864 [main] INFO org.springframework.test.context.support.AnnotationConfigContextLoaderUtils -- Could not detect default configuration classes for test class [com.example.shopkeeperapp.ShopkeeperappApplicationTests]: ShopkeeperappApplicationTests does not declare any static, non-private, non-final, nested classes annotated with @Configuration.
22:58:30.965 [main] INFO org.springframework.boot.test.context.SpringBootTestContextBootstrapper -- Found @SpringBootConfiguration com.example.shopkeeperapp.ShopkeeperappApplication for test class com.example.shopkeeperapp.ShopkeeperappApplicationTests
22:58:31.117 [main] INFO org.springframework.boot.devtools.restart.RestartApplicationListener -- Restart disabled due to context in which it is running

  .   ____          _            __ _ _
 /\\ / ___'_ __ _ _(_)_ __  __ _ \ \ \ \
( ( )\___ | '_ | '_| | '_ \/ _` | \ \ \ \
 \\/  ___)| |_)| | | | | || (_| |  ) ) ) )
  '  |____| .__|_| |_|_| |_\__, | / / / /
 =========|_|==============|___/=/_/_/_/

 :: Spring Boot ::                (v3.3.7)

2025-01-21T22:58:31.351+05:30  INFO 13604 --- [shopkeeperapp] [           main] c.e.s.ShopkeeperappApplicationTests      : Starting ShopkeeperappApplicationTests using Java 17.0.11 with PID 13604 (started by Shailesh in C:\Users\Shailesh\git\shopkeeperapp\shopkeeperapp)
2025-01-21T22:58:31.352+05:30  INFO 13604 --- [shopkeeperapp] [           main] c.e.s.ShopkeeperappApplicationTests      : No active profile set, falling back to 1 default profile: "default"
2025-01-21T22:58:31.984+05:30  WARN 13604 --- [shopkeeperapp] [           main] trationDelegate$BeanPostProcessorChecker : Bean 'org.springframework.ws.config.annotation.DelegatingWsConfiguration' of type [org.springframework.ws.config.annotation.DelegatingWsConfiguration$$SpringCGLIB$$0] is not eligible for getting processed by all BeanPostProcessors (for example: not eligible for auto-proxying). The currently created BeanPostProcessor [annotationActionEndpointMapping] is declared through a non-static factory method on that class; consider declaring it as static instead.
2025-01-21T22:58:32.015+05:30  INFO 13604 --- [shopkeeperapp] [           main] .w.s.a.s.AnnotationActionEndpointMapping : Supporting [WS-Addressing August 2004, WS-Addressing 1.0]
2025-01-21T22:58:32.206+05:30  INFO 13604 --- [shopkeeperapp] [           main] o.s.b.a.w.s.WelcomePageHandlerMapping    : Adding welcome page: class path resource [static/index.html]
2025-01-21T22:58:32.397+05:30  WARN 13604 --- [shopkeeperapp] [           main] ion$DefaultTemplateResolverConfiguration : Cannot find template location: classpath:/templates/ (please add some templates, check your Thymeleaf configuration, or set spring.thymeleaf.check-template-location=false)
2025-01-21T22:58:32.476+05:30  INFO 13604 --- [shopkeeperapp] [           main] c.e.s.ShopkeeperappApplicationTests      : Started ShopkeeperappApplicationTests in 1.369 seconds (process running for 2.248)
]]></system-out>
  </testcase>
</testsuite>